{
  "stats": {
    "suites": 1,
    "tests": 4,
    "passes": 4,
    "pending": 0,
    "failures": 0,
    "start": "2021-07-31T14:36:10.744Z",
    "end": "2021-07-31T14:36:12.363Z",
    "duration": 1619,
    "testsRegistered": 4,
    "passPercent": 100,
    "pendingPercent": 0,
    "other": 0,
    "hasOther": false,
    "skipped": 0,
    "hasSkipped": false
  },
  "results": [
    {
      "uuid": "1fa62840-94ff-4a0c-8fff-139aa2101396",
      "title": "",
      "fullFile": "cypress/integration/home.spec.ts",
      "file": "cypress/integration/home.spec.ts",
      "beforeHooks": [],
      "afterHooks": [],
      "tests": [],
      "suites": [
        {
          "uuid": "a6a44f3b-e9dc-4219-b509-a4d5104826d8",
          "title": "Ponyracer",
          "fullFile": "",
          "file": "",
          "beforeHooks": [],
          "afterHooks": [],
          "tests": [
            {
              "title": "should display title on home page",
              "fullTitle": "Ponyracer should display title on home page",
              "timedOut": null,
              "duration": 987,
              "state": "passed",
              "speed": "slow",
              "pass": true,
              "fail": false,
              "pending": false,
              "context": null,
              "code": "cy.visit('/');\ncy.contains('h1', 'Ponyracer');",
              "err": {},
              "uuid": "c84081f7-3289-460a-941f-af325243f644",
              "parentUUID": "a6a44f3b-e9dc-4219-b509-a4d5104826d8",
              "isHook": false,
              "skipped": false
            },
            {
              "title": "should display a navbar",
              "fullTitle": "Ponyracer should display a navbar",
              "timedOut": null,
              "duration": 140,
              "state": "passed",
              "speed": "slow",
              "pass": true,
              "fail": false,
              "pending": false,
              "context": null,
              "code": "cy.visit('/');\ncy.contains(navbarBrand, 'PonyRacer');\ncy.contains(navbarLink, 'Races');",
              "err": {},
              "uuid": "3206031a-e66f-4762-b2bc-e7fd7e0ad7bc",
              "parentUUID": "a6a44f3b-e9dc-4219-b509-a4d5104826d8",
              "isHook": false,
              "skipped": false
            },
            {
              "title": "should display a navbar collapsed on small screen",
              "fullTitle": "Ponyracer should display a navbar collapsed on small screen",
              "timedOut": null,
              "duration": 338,
              "state": "passed",
              "speed": "slow",
              "pass": true,
              "fail": false,
              "pending": false,
              "context": null,
              "code": "cy.viewport('iphone-6+');\ncy.visit('/');\ncy.contains(navbarBrand, 'PonyRacer');\ncy.get(navbarLink).should('not.be.visible');\n// toggle the navbar\ncy.get('.navbar-toggler').click();\ncy.get(navbarLink).should('be.visible');",
              "err": {},
              "uuid": "298d7530-5abb-4d88-a5d6-a382791c8f56",
              "parentUUID": "a6a44f3b-e9dc-4219-b509-a4d5104826d8",
              "isHook": false,
              "skipped": false
            },
            {
              "title": "should display a race list",
              "fullTitle": "Ponyracer should display a race list",
              "timedOut": null,
              "duration": 112,
              "state": "passed",
              "speed": "slow",
              "pass": true,
              "fail": false,
              "pending": false,
              "context": null,
              "code": "cy.visit('/');\ncy.get('h2').should('have.length', 2);",
              "err": {},
              "uuid": "9d607e70-0413-49a3-8648-90a04dbc04a2",
              "parentUUID": "a6a44f3b-e9dc-4219-b509-a4d5104826d8",
              "isHook": false,
              "skipped": false
            }
          ],
          "suites": [],
          "passes": [
            "c84081f7-3289-460a-941f-af325243f644",
            "3206031a-e66f-4762-b2bc-e7fd7e0ad7bc",
            "298d7530-5abb-4d88-a5d6-a382791c8f56",
            "9d607e70-0413-49a3-8648-90a04dbc04a2"
          ],
          "failures": [],
          "pending": [],
          "skipped": [],
          "duration": 1577,
          "root": false,
          "rootEmpty": false,
          "_timeout": 2000
        }
      ],
      "passes": [],
      "failures": [],
      "pending": [],
      "skipped": [],
      "duration": 0,
      "root": true,
      "rootEmpty": true,
      "_timeout": 2000
    }
  ],
  "meta": {
    "mocha": {
      "version": "7.0.1"
    },
    "mochawesome": {
      "options": {
        "quiet": false,
        "reportFilename": "mochawesome",
        "saveHtml": false,
        "saveJson": true,
        "consoleReporter": "spec",
        "useInlineDiffs": false,
        "code": true
      },
      "version": "6.2.2"
    },
    "marge": {
      "options": {
        "reportDir": "results/mochawesome",
        "overwrite": false,
        "html": false,
        "json": true
      },
      "version": "5.2.0"
    }
  }
}